[2025/12/09 15:41:52] [INFO] Sistema de Monitoriza칞칚o Iniciado (eBPF Style).
[2025/12/09 15:47:09] [INFO] Sistema de Monitoriza칞칚o Iniciado (eBPF Style).
[2025/12/09 15:49:15] [SECURITY ALERT] STARVATION: A thread Processo_Atacante_1 est치 em espera h치 3042ms. Prioridade comprometida.
[2025/12/09 15:49:15] [SECURITY ALERT] STARVATION: A thread Processo_Atacante_2 est치 em espera h치 3047ms. Prioridade comprometida.
[2025/12/09 15:49:16] [SECURITY ALERT] STARVATION: A thread Processo_Atacante_1 est치 em espera h치 4060ms. Prioridade comprometida.
[2025/12/09 15:49:16] [SECURITY ALERT] STARVATION: A thread Processo_Atacante_2 est치 em espera h치 4061ms. Prioridade comprometida.
[2025/12/09 17:24:20] [INFO] Sistema de Monitoriza칞칚o Iniciado (eBPF Style).
[2025/12/09 17:24:28] [SECURITY ALERT] STARVATION: A thread Processo_Atacante_1 est치 em espera h치 3036ms. Prioridade comprometida.
[2025/12/09 17:24:28] [SECURITY ALERT] STARVATION: A thread Processo_Atacante_2 est치 em espera h치 3037ms. Prioridade comprometida.
[2025/12/09 17:24:29] [SECURITY ALERT] STARVATION: A thread Processo_Atacante_1 est치 em espera h치 4048ms. Prioridade comprometida.
[2025/12/09 17:24:29] [SECURITY ALERT] STARVATION: A thread Processo_Atacante_2 est치 em espera h치 4049ms. Prioridade comprometida.
[2025/12/09 17:34:36] [INFO] Sistema de Monitoriza칞칚o Iniciado (eBPF Style).
[2025/12/10 10:47:26] [INFO] Sistema de Monitoriza칞칚o Iniciado (eBPF Style).
[2025/12/16 13:48:11] [INFO] Sistema de Monitoriza巫o Iniciado (eBPF Style).
[2025/12/18 17:07:16] [INFO] Monitor Iniciado.
[2025/12/18 17:07:41] [INFO] Monitor Iniciado.
[2025/12/18 17:07:50] [INFO] Monitor Iniciado.
[2025/12/18 18:12:49] [INFO] Monitor Iniciado.
[2025/12/18 18:12:49] [INFO] Algoritmo: Wait-for Graph + DFS para detecao de ciclos
[2025/12/18 18:14:20] [EVENTO] Acesso garantido: Transacao_A -> DB:Pacientes (Total: 1)
[2025/12/18 18:14:20] [EVENTO] Acesso garantido: Transacao_B -> DB:Historico (Total: 1)
[2025/12/18 18:14:21] [ALERT] DEADLOCK DETETADO! Espera Circular entre 2 threads.
[2025/12/18 18:14:21] 
=== Wait-for Graph ===
Transacao_A aguarda por: Transacao_B 
Transacao_B aguarda por: Transacao_A 

[2025/12/18 18:14:22] [ALERT] DEADLOCK DETETADO! Espera Circular entre 2 threads.
[2025/12/18 18:14:22] 
=== Wait-for Graph ===
Transacao_A aguarda por: Transacao_B 
Transacao_B aguarda por: Transacao_A 

[2025/12/18 18:14:23] [ALERT] DEADLOCK DETETADO! Espera Circular entre 2 threads.
[2025/12/18 18:14:23] 
=== Wait-for Graph ===
Transacao_A aguarda por: Transacao_B 
Transacao_B aguarda por: Transacao_A 

[2025/12/18 18:14:24] [ALERT] DEADLOCK DETETADO! Espera Circular entre 2 threads.
[2025/12/18 18:14:24] 
=== Wait-for Graph ===
Transacao_A aguarda por: Transacao_B 
Transacao_B aguarda por: Transacao_A 

[2025/12/18 18:14:24] [ALERT] STARVATION: Transacao_A espera ha 3030ms.
[2025/12/18 18:14:24] [ALERT] STARVATION: Transacao_B espera ha 3030ms.
[2025/12/18 18:14:25] [ALERT] DEADLOCK DETETADO! Espera Circular entre 2 threads.
[2025/12/18 18:14:25] 
=== Wait-for Graph ===
Transacao_A aguarda por: Transacao_B 
Transacao_B aguarda por: Transacao_A 

[2025/12/18 18:14:25] [ALERT] STARVATION: Transacao_A espera ha 4044ms.
[2025/12/18 18:14:25] [ALERT] STARVATION: Transacao_B espera ha 4044ms.
[2025/12/18 18:38:08] [INFO] Monitor Iniciado.
[2025/12/18 18:38:08] [INFO] Algoritmo: Wait-for Graph + DFS para detecao de ciclos
[2025/12/18 18:38:19] [EVENTO] Acesso garantido: main -> StockSangue(Escrita) (Total: 1)
[2025/12/18 18:38:21] 
=== ESTAT펩TICAS DE ACESSOS ===
[2025/12/18 18:38:21]   main: 1 acessos
[2025/12/18 18:38:21] 
=== TEMPOS DE ESPERA POR SEC츒 CR펪ICA ===
[2025/12/18 18:38:21] (Nenhum tempo registado)
[2025/12/18 18:38:21] 
=== ORDEM DE OBTEN츒 DE RECURSOS ===
[2025/12/18 18:38:21]   [1766083099910] main obteve StockSangue(Escrita)
[2025/12/18 18:38:21] ==============================

[2025/12/18 18:38:21] [INFO] Monitor Parado.
